----------------------------------------------------------------------------------------------------------------------------------------------------------------------------------
      name:  <unnamed>
       log:  C:\Users\u823125\Downloads\expimp-prod-master\expimp-prod-master\STATA\resultsacf.log
  log type:  text
 opened on:   5 Jan 2020, 14:47:07

. xtset sa_finance1_cocode year
       panel variable:  sa_finance1_cocode (unbalanced)
        time variable:  year, 2001 to 2016, but with gaps
                delta:  1 unit

. 
. xtprobit exp lagexp lpresacf lgfa lsalary initexp i.year i.nic_2digit, re 
note: 36.nic_2digit != 0 predicts failure perfectly
      36.nic_2digit dropped and 2 obs not used


Fitting comparison model:

Iteration 0:   log likelihood =  -43078.28  
Iteration 1:   log likelihood = -15400.418  
Iteration 2:   log likelihood = -14977.877  
Iteration 3:   log likelihood = -14973.008  
Iteration 4:   log likelihood = -14973.007  

Fitting full model:

rho =  0.0     log likelihood = -14973.007
rho =  0.1     log likelihood =  -14823.13
rho =  0.2     log likelihood = -14842.965

Iteration 0:   log likelihood =  -14823.13  
Iteration 1:   log likelihood = -14676.667  
Iteration 2:   log likelihood = -14521.475  
Iteration 3:   log likelihood = -14513.048  
Iteration 4:   log likelihood = -14513.028  
Iteration 5:   log likelihood = -14513.028  (backed up)

Random-effects probit regression                Number of obs     =     62,485
Group variable: sa_finance1_~e                  Number of groups  =      8,338

Random effects u_i ~ Gaussian                   Obs per group:
                                                              min =          1
                                                              avg =        7.5
                                                              max =         15

Integration method: mvaghermite                 Integration pts.  =         12

                                                Wald chi2(52)     =   15779.34
Log likelihood  = -14513.028                    Prob > chi2       =     0.0000

------------------------------------------------------------------------------
         exp |      Coef.   Std. Err.      z    P>|z|     [95% Conf. Interval]
-------------+----------------------------------------------------------------
      lagexp |   1.833687     .02576    71.18   0.000     1.783198    1.884175
    lpresacf |    .216156   .0136519    15.83   0.000     .1893987    .2429132
        lgfa |   .0747599    .013034     5.74   0.000     .0492138     .100306
     lsalary |   .2258956   .0137049    16.48   0.000     .1990345    .2527567
     initexp |   1.332796   .0454153    29.35   0.000     1.243784    1.421808
             |
        year |
       2003  |   .0789308   .0520228     1.52   0.129    -.0230321    .1808937
       2004  |   .1436354   .0511476     2.81   0.005      .043388    .2438828
       2005  |   .0917762   .0510537     1.80   0.072    -.0082872    .1918397
       2006  |    .152681    .050177     3.04   0.002     .0543359     .251026
       2007  |   .1113141   .0498434     2.23   0.026     .0136228    .2090055
       2008  |   .1198067    .049945     2.40   0.016     .0219162    .2176971
       2009  |   .1083158   .0496153     2.18   0.029     .0110716    .2055599
       2010  |   -.075909   .0493541    -1.54   0.124    -.1726413    .0208232
       2011  |  -.1267761   .0497358    -2.55   0.011    -.2242565   -.0292957
       2012  |  -.0972171   .0510926    -1.90   0.057    -.1973568    .0029227
       2013  |   -.193259   .0522541    -3.70   0.000    -.2956753   -.0908428
       2014  |  -.1521655   .0534824    -2.85   0.004    -.2569892   -.0473419
       2015  |  -.1207466   .0581515    -2.08   0.038    -.2347214   -.0067717
       2016  |  -.2924104   .0617755    -4.73   0.000    -.4134881   -.1713327
             |
  nic_2digit |
          2  |   .0221207   .3965716     0.06   0.956    -.7551454    .7993868
          3  |   .1385768   .1354583     1.02   0.306    -.1269166    .4040703
          5  |   -1.32644   .6990244    -1.90   0.058    -2.696502    .0436228
          6  |  -1.214875   1.335994    -0.91   0.363    -3.833375    1.403626
          7  |  -.4985937   .2561328    -1.95   0.052    -1.000605    .0034175
          8  |   .5009111   .1686183     2.97   0.003     .1704254    .8313968
          9  |    .558793   .7084711     0.79   0.430    -.8297849    1.947371
         10  |   -.416259   .1145697    -3.63   0.000    -.6408114   -.1917066
         11  |  -.7180983   .1577863    -4.55   0.000    -1.027354   -.4088428
         12  |  -.3806923   .3280247    -1.16   0.246    -1.023609    .2622244
         13  |  -.0320749   .1126733    -0.28   0.776    -.2529105    .1887606
         14  |   .2481743   .1576999     1.57   0.116    -.0609118    .5572604
         15  |   .4104863   .1807453     2.27   0.023     .0562319    .7647406
         16  |   -.193887     .21971    -0.88   0.378    -.6245107    .2367367
         17  |  -.1929789   .1304591    -1.48   0.139    -.4486741    .0627164
         18  |   -.423195   .2868838    -1.48   0.140    -.9854769    .1390869
         19  |  -.3179037   .1861603    -1.71   0.088    -.6827712    .0469639
         20  |   .1190673   .1124608     1.06   0.290    -.1013518    .3394864
         21  |   .3563041   .1212341     2.94   0.003     .1186895    .5939186
         22  |   .1491754   .1192856     1.25   0.211    -.0846201    .3829709
         23  |  -.3501407   .1289169    -2.72   0.007    -.6028132   -.0974683
         24  |  -.1327157   .1123271    -1.18   0.237    -.3528728    .0874414
         25  |   .0306414   .1298666     0.24   0.813    -.2238925    .2851753
         26  |   .1005223    .131514     0.76   0.445    -.1572404    .3582851
         27  |   .0201174   .1236868     0.16   0.871    -.2223043    .2625391
         28  |   .5484905   .1231294     4.45   0.000     .3071613    .7898197
         29  |   -.130285   .3217436    -0.40   0.686    -.7608908    .5003208
         30  |    .126666   .1217773     1.04   0.298    -.1120132    .3653452
         31  |  -.4822391   .3793595    -1.27   0.204     -1.22577    .2612918
         32  |    .442419   .1576242     2.81   0.005     .1334813    .7513567
         35  |  -1.401334   .1732124    -8.09   0.000    -1.740824   -1.061844
         36  |          0  (empty)
         41  |  -1.212373   .2549572    -4.76   0.000     -1.71208   -.7126659
         42  |  -1.055655   .1363435    -7.74   0.000    -1.322884   -.7884268
             |
       _cons |  -3.264386   .1303375   -25.05   0.000    -3.519843   -3.008929
-------------+----------------------------------------------------------------
    /lnsig2u |  -.4372448   .0611806                     -.5571566   -.3173331
-------------+----------------------------------------------------------------
     sigma_u |   .8036251   .0245831                       .756859    .8532809
         rho |   .3923977   .0145868                      .3642056    .4213258
------------------------------------------------------------------------------
LR test of rho=0: chibar2(01) = 919.96                 Prob >= chibar2 = 0.000

. est store mexp1

. margins, dydx(lagexp lpresacf lgfa lsalary) predict(pu0) post

Average marginal effects                        Number of obs     =     62,485
Model VCE    : OIM

Expression   : Pr(exp=1 assuming u_i=0), predict(pu0)
dy/dx w.r.t. : lagexp lpresacf lgfa lsalary

------------------------------------------------------------------------------
             |            Delta-method
             |      dy/dx   Std. Err.      z    P>|z|     [95% Conf. Interval]
-------------+----------------------------------------------------------------
      lagexp |   .2183612   .0040955    53.32   0.000     .2103341    .2263883
    lpresacf |   .0257405   .0016102    15.99   0.000     .0225847    .0288964
        lgfa |   .0089026   .0015455     5.76   0.000     .0058735    .0119318
     lsalary |   .0269004   .0016176    16.63   0.000       .02373    .0300708
------------------------------------------------------------------------------

. est store mexp11

. 
. xtprobit exp lagexp lagimp lpresacf lgfa lsalary initexp i.year i.nic_2digit, re 
note: 36.nic_2digit != 0 predicts failure perfectly
      36.nic_2digit dropped and 2 obs not used


Fitting comparison model:

Iteration 0:   log likelihood =  -43078.28  
Iteration 1:   log likelihood = -15277.105  
Iteration 2:   log likelihood = -14842.765  
Iteration 3:   log likelihood = -14837.574  
Iteration 4:   log likelihood = -14837.573  

Fitting full model:

rho =  0.0     log likelihood = -14837.573
rho =  0.1     log likelihood = -14690.868
rho =  0.2     log likelihood = -14715.391

Iteration 0:   log likelihood = -14690.868  
Iteration 1:   log likelihood = -14609.714  
Iteration 2:   log likelihood = -14415.057  
Iteration 3:   log likelihood = -14406.729  
Iteration 4:   log likelihood = -14406.563  
Iteration 5:   log likelihood = -14406.563  

Random-effects probit regression                Number of obs     =     62,485
Group variable: sa_finance1_~e                  Number of groups  =      8,338

Random effects u_i ~ Gaussian                   Obs per group:
                                                              min =          1
                                                              avg =        7.5
                                                              max =         15

Integration method: mvaghermite                 Integration pts.  =         12

                                                Wald chi2(53)     =   16205.29
Log likelihood  = -14406.563                    Prob > chi2       =     0.0000

------------------------------------------------------------------------------
         exp |      Coef.   Std. Err.      z    P>|z|     [95% Conf. Interval]
-------------+----------------------------------------------------------------
      lagexp |   1.786023   .0260173    68.65   0.000      1.73503    1.837016
      lagimp |   .3703363   .0252363    14.67   0.000     .3208741    .4197986
    lpresacf |   .1983058   .0134875    14.70   0.000     .1718708    .2247409
        lgfa |   .0538746   .0128622     4.19   0.000     .0286651    .0790841
     lsalary |   .2006923   .0135588    14.80   0.000     .1741175    .2272671
     initexp |   1.263504   .0441419    28.62   0.000     1.176987     1.35002
             |
        year |
       2003  |   .0806781    .051975     1.55   0.121    -.0211909    .1825472
       2004  |   .1489673   .0510644     2.92   0.004     .0488829    .2490517
       2005  |   .1045804     .05095     2.05   0.040     .0047201    .2044406
       2006  |   .1649905   .0501026     3.29   0.001     .0667913    .2631897
       2007  |   .1230339   .0497642     2.47   0.013     .0254979    .2205699
       2008  |   .1351188   .0498814     2.71   0.007      .037353    .2328845
       2009  |   .1240856   .0495339     2.51   0.012      .027001    .2211702
       2010  |  -.0598954   .0492717    -1.22   0.224    -.1564663    .0366754
       2011  |  -.1029602   .0496335    -2.07   0.038    -.2002401   -.0056803
       2012  |  -.0598423   .0510766    -1.17   0.241    -.1599505    .0402659
       2013  |  -.1561473   .0522481    -2.99   0.003    -.2585516    -.053743
       2014  |  -.1105246   .0534642    -2.07   0.039    -.2153125   -.0057368
       2015  |   -.081452    .058007    -1.40   0.160    -.1951436    .0322396
       2016  |  -.2514507   .0616048    -4.08   0.000    -.3721938   -.1307076
             |
  nic_2digit |
          2  |   .0319989   .3863213     0.08   0.934     -.725177    .7891748
          3  |   .0676909   .1323131     0.51   0.609     -.191638    .3270197
          5  |  -1.367595   .6938728    -1.97   0.049     -2.72756   -.0076289
          6  |  -1.174794   1.223219    -0.96   0.337    -3.572258     1.22267
          7  |  -.4382093   .2492785    -1.76   0.079    -.9267861    .0503675
          8  |   .4117319   .1653529     2.49   0.013     .0876461    .7358177
          9  |   .5356524   .6818696     0.79   0.432    -.8007875    1.872092
         10  |  -.3913683   .1119944    -3.49   0.000    -.6108733   -.1718633
         11  |  -.7131355   .1542059    -4.62   0.000    -1.015374   -.4108975
         12  |  -.4387927   .3197481    -1.37   0.170    -1.065487    .1879022
         13  |  -.0789652   .1102775    -0.72   0.474    -.2951051    .1371747
         14  |   .1672186   .1545527     1.08   0.279    -.1356991    .4701363
         15  |    .306015   .1767077     1.73   0.083    -.0403258    .6523557
         16  |  -.3022045   .2149117    -1.41   0.160    -.7234237    .1190146
         17  |  -.3272432   .1277156    -2.56   0.010    -.5775611   -.0769253
         18  |  -.4173444   .2802146    -1.49   0.136    -.9665549    .1318661
         19  |  -.4113773   .1817066    -2.26   0.024    -.7675157   -.0552388
         20  |    .035304    .110074     0.32   0.748    -.1804371    .2510452
         21  |    .284321   .1186398     2.40   0.017     .0517913    .5168507
         22  |   .0422946   .1168565     0.36   0.717      -.18674    .2713292
         23  |  -.4251616   .1262067    -3.37   0.001    -.6725221    -.177801
         24  |  -.1715409   .1098539    -1.56   0.118    -.3868506    .0437689
         25  |  -.0168116   .1269278    -0.13   0.895    -.2655855    .2319623
         26  |  -.0432035   .1287219    -0.34   0.737    -.2954938    .2090868
         27  |  -.0965925   .1211175    -0.80   0.425    -.3339784    .1407934
         28  |    .444711   .1205202     3.69   0.000     .2084957    .6809264
         29  |  -.1690865    .311716    -0.54   0.588    -.7800386    .4418655
         30  |   .0402471   .1191346     0.34   0.735    -.1932525    .2737466
         31  |  -.6290402   .3683049    -1.71   0.088    -1.350905    .0928241
         32  |   .3122609   .1546725     2.02   0.044     .0091084    .6154133
         35  |  -1.376363    .169332    -8.13   0.000    -1.708248   -1.044478
         36  |          0  (empty)
         41  |  -1.113102   .2476343    -4.49   0.000    -1.598456   -.6277477
         42  |  -1.037094   .1334609    -7.77   0.000    -1.298673   -.7755159
             |
       _cons |  -3.121905   .1275991   -24.47   0.000    -3.371995   -2.871816
-------------+----------------------------------------------------------------
    /lnsig2u |  -.5206442   .0622571                     -.6426658   -.3986226
-------------+----------------------------------------------------------------
     sigma_u |   .7708033    .023994                      .7251818    .8192948
         rho |   .3727016   .0145554                      .3446442    .4016433
------------------------------------------------------------------------------
LR test of rho=0: chibar2(01) = 862.02                 Prob >= chibar2 = 0.000

. est store mexp2

. margins, dydx(lagexp lagimp lpresacf lgfa lsalary) predict(pu0) post

Average marginal effects                        Number of obs     =     62,485
Model VCE    : OIM

Expression   : Pr(exp=1 assuming u_i=0), predict(pu0)
dy/dx w.r.t. : lagexp lagimp lpresacf lgfa lsalary

------------------------------------------------------------------------------
             |            Delta-method
             |      dy/dx   Std. Err.      z    P>|z|     [95% Conf. Interval]
-------------+----------------------------------------------------------------
      lagexp |   .2116618   .0039315    53.84   0.000     .2039562    .2193673
      lagimp |   .0438886   .0029949    14.65   0.000     .0380188    .0497584
    lpresacf |   .0235012   .0015854    14.82   0.000     .0203939    .0266086
        lgfa |   .0063847   .0015198     4.20   0.000     .0034058    .0093635
     lsalary |   .0237841   .0015935    14.93   0.000     .0206609    .0269072
------------------------------------------------------------------------------

. est store mexp22

. 
. xtprobit imp lagimp lpresacf lgfa lsalary initimp i.year i.nic_2digit, re
note: 36.nic_2digit != 0 predicts failure perfectly
      36.nic_2digit dropped and 2 obs not used


Fitting comparison model:

Iteration 0:   log likelihood = -41500.747  
Iteration 1:   log likelihood = -16814.881  
Iteration 2:   log likelihood = -16358.241  
Iteration 3:   log likelihood =  -16352.18  
Iteration 4:   log likelihood = -16352.178  
Iteration 5:   log likelihood = -16352.178  

Fitting full model:

rho =  0.0     log likelihood = -16352.178
rho =  0.1     log likelihood = -16170.205
rho =  0.2     log likelihood = -16187.883

Iteration 0:   log likelihood = -16170.205  
Iteration 1:   log likelihood = -16079.301  
Iteration 2:   log likelihood = -15886.049  
Iteration 3:   log likelihood = -15879.721  
Iteration 4:   log likelihood = -15879.686  
Iteration 5:   log likelihood = -15879.686  

Random-effects probit regression                Number of obs     =     62,485
Group variable: sa_finance1_~e                  Number of groups  =      8,338

Random effects u_i ~ Gaussian                   Obs per group:
                                                              min =          1
                                                              avg =        7.5
                                                              max =         15

Integration method: mvaghermite                 Integration pts.  =         12

                                                Wald chi2(52)     =   15330.19
Log likelihood  = -15879.686                    Prob > chi2       =     0.0000

------------------------------------------------------------------------------
         imp |      Coef.   Std. Err.      z    P>|z|     [95% Conf. Interval]
-------------+----------------------------------------------------------------
      lagimp |   1.599509   .0241195    66.32   0.000     1.552236    1.646782
    lpresacf |   .2768197   .0128722    21.51   0.000     .2515906    .3020487
        lgfa |   .1187823   .0121807     9.75   0.000     .0949086    .1426559
     lsalary |    .233847   .0123639    18.91   0.000     .2096143    .2580797
     initimp |   1.081433    .038251    28.27   0.000     1.006463    1.156404
             |
        year |
       2003  |  -.0275248   .0511227    -0.54   0.590    -.1277235    .0726739
       2004  |   .0103054   .0504325     0.20   0.838    -.0885405    .1091513
       2005  |   .0665013   .0501256     1.33   0.185    -.0317431    .1647457
       2006  |   .0609457    .049073     1.24   0.214    -.0352356    .1571269
       2007  |  -.0091713   .0487188    -0.19   0.851    -.1046584    .0863159
       2008  |    .026278   .0486193     0.54   0.589    -.0690142    .1215701
       2009  |  -.0278764   .0481751    -0.58   0.563    -.1222977     .066545
       2010  |  -.1357618   .0478125    -2.84   0.005    -.2294726    -.042051
       2011  |  -.2865454   .0479717    -5.97   0.000    -.3805682   -.1925225
       2012  |  -.2553018   .0493941    -5.17   0.000    -.3521124   -.1584912
       2013  |  -.3318536   .0505989    -6.56   0.000    -.4310256   -.2326816
       2014  |    -.39312   .0518312    -7.58   0.000    -.4947072   -.2915328
       2015  |  -.3869034   .0559599    -6.91   0.000    -.4965828   -.2772241
       2016  |  -.3668852   .0608939    -6.02   0.000    -.4862352   -.2475353
             |
  nic_2digit |
          2  |   .0093081   .3684814     0.03   0.980    -.7129022    .7315185
          3  |   .5370746   .1291069     4.16   0.000     .2840297    .7901195
          5  |  -.7345856   .5552435    -1.32   0.186    -1.822843    .3536717
          6  |     .86492   .8731505     0.99   0.322    -.8464235    2.576263
          7  |  -.3688267   .2582596    -1.43   0.153    -.8750062    .1373527
          8  |   .6959154    .156345     4.45   0.000     .3894848    1.002346
          9  |   .6494418   .6466178     1.00   0.315    -.6179057    1.916789
         10  |  -.2308957   .1099294    -2.10   0.036    -.4463534   -.0154381
         11  |  -.2707755   .1434963    -1.89   0.059    -.5520231    .0104721
         12  |   .2406875   .3090384     0.78   0.436    -.3650167    .8463918
         13  |   .3084231   .1083454     2.85   0.004       .09607    .5207761
         14  |   .4988427   .1469444     3.39   0.001      .210837    .7868484
         15  |   .9505395   .1689134     5.63   0.000     .6194754    1.281604
         16  |   .4893058   .2080222     2.35   0.019     .0815897    .8970218
         17  |   .7330188   .1226081     5.98   0.000     .4927114    .9733261
         18  |   .4043788   .2392473     1.69   0.091    -.0645373    .8732949
         19  |   .4926575   .1866452     2.64   0.008     .1268396    .8584755
         20  |   .5669412   .1089476     5.20   0.000     .3534078    .7804746
         21  |    .610049   .1163657     5.24   0.000     .3819765    .8381216
         22  |   .7330352   .1147132     6.39   0.000     .5082014     .957869
         23  |   .4302374   .1238701     3.47   0.001     .1874565    .6730183
         24  |   .2140192   .1077471     1.99   0.047     .0028388    .4251996
         25  |   .3832131   .1227161     3.12   0.002      .142694    .6237321
         26  |   .8505711   .1276352     6.66   0.000     .6004108    1.100731
         27  |    .625662   .1199845     5.21   0.000     .3904966    .8608274
         28  |   .8035558   .1187198     6.77   0.000     .5708692    1.036242
         29  |   .5244798    .360491     1.45   0.146    -.1820696    1.231029
         30  |   .5135379   .1183069     4.34   0.000     .2816607    .7454151
         31  |   .8422809    .397271     2.12   0.034      .063644    1.620918
         32  |   .6133502   .1445894     4.24   0.000     .3299601    .8967403
         35  |  -.3510126   .1436553    -2.44   0.015    -.6325719   -.0694533
         36  |          0  (empty)
         41  |  -.4327987   .2031874    -2.13   0.033    -.8310387   -.0345588
         42  |  -.3030607   .1235665    -2.45   0.014    -.5452467   -.0608747
             |
       _cons |  -3.655487   .1276306   -28.64   0.000    -3.905639   -3.405336
-------------+----------------------------------------------------------------
    /lnsig2u |  -.6279538   .0589835                     -.7435594   -.5123483
-------------+----------------------------------------------------------------
     sigma_u |   .7305359   .0215448                      .6895061    .7740072
         rho |   .3479746   .0133827                      .3222263    .3746432
------------------------------------------------------------------------------
LR test of rho=0: chibar2(01) = 944.98                 Prob >= chibar2 = 0.000

. est store mimp1

. margins, dydx(lagimp lpresacf lgfa lsalary) predict(pu0) post

Average marginal effects                        Number of obs     =     62,485
Model VCE    : OIM

Expression   : Pr(imp=1 assuming u_i=0), predict(pu0)
dy/dx w.r.t. : lagimp lpresacf lgfa lsalary

------------------------------------------------------------------------------
             |            Delta-method
             |      dy/dx   Std. Err.      z    P>|z|     [95% Conf. Interval]
-------------+----------------------------------------------------------------
      lagimp |   .2092984   .0038941    53.75   0.000      .201666    .2169308
    lpresacf |   .0362223   .0016527    21.92   0.000     .0329832    .0394615
        lgfa |   .0155429   .0015848     9.81   0.000     .0124367     .018649
     lsalary |   .0305993   .0015938    19.20   0.000     .0274756     .033723
------------------------------------------------------------------------------

. est store mimp11

. 
. 
. xtprobit imp lagexp lagimp lpresacf lgfa lsalary initimp i.year i.nic_2digit, re
note: 36.nic_2digit != 0 predicts failure perfectly
      36.nic_2digit dropped and 2 obs not used


Fitting comparison model:

Iteration 0:   log likelihood = -41500.747  
Iteration 1:   log likelihood = -16648.487  
Iteration 2:   log likelihood = -16169.993  
Iteration 3:   log likelihood = -16163.637  
Iteration 4:   log likelihood = -16163.634  
Iteration 5:   log likelihood = -16163.634  

Fitting full model:

rho =  0.0     log likelihood = -16163.634
rho =  0.1     log likelihood = -15996.388
rho =  0.2     log likelihood = -16025.079

Iteration 0:   log likelihood = -15996.388  
Iteration 1:   log likelihood = -15853.092  
Iteration 2:   log likelihood = -15752.316  
Iteration 3:   log likelihood = -15749.543  
Iteration 4:   log likelihood = -15749.523  
Iteration 5:   log likelihood = -15749.523  

Random-effects probit regression                Number of obs     =     62,485
Group variable: sa_finance1_~e                  Number of groups  =      8,338

Random effects u_i ~ Gaussian                   Obs per group:
                                                              min =          1
                                                              avg =        7.5
                                                              max =         15

Integration method: mvaghermite                 Integration pts.  =         12

                                                Wald chi2(53)     =   15933.46
Log likelihood  = -15749.523                    Prob > chi2       =     0.0000

------------------------------------------------------------------------------
         imp |      Coef.   Std. Err.      z    P>|z|     [95% Conf. Interval]
-------------+----------------------------------------------------------------
      lagexp |   .3803342   .0233139    16.31   0.000     .3346397    .4260286
      lagimp |   1.553923   .0243376    63.85   0.000     1.506222    1.601623
    lpresacf |    .266156   .0125758    21.16   0.000     .2415079    .2908041
        lgfa |   .1098398   .0118529     9.27   0.000     .0866085     .133071
     lsalary |   .2063127   .0121399    16.99   0.000      .182519    .2301064
     initimp |   .9855749   .0370199    26.62   0.000     .9130171    1.058133
             |
        year |
       2003  |  -.0266529   .0509604    -0.52   0.601    -.1265335    .0732278
       2004  |   .0086031   .0502125     0.17   0.864    -.0898116    .1070179
       2005  |   .0586803   .0499258     1.18   0.240    -.0391725    .1565332
       2006  |   .0611701   .0488879     1.25   0.211    -.0346484    .1569886
       2007  |  -.0173511   .0485322    -0.36   0.721    -.1124724    .0777702
       2008  |   .0230943    .048453     0.48   0.634     -.071872    .1180605
       2009  |  -.0333834   .0479856    -0.70   0.487    -.1274333    .0606666
       2010  |  -.1438263   .0476446    -3.02   0.003    -.2372081   -.0504446
       2011  |  -.2855045   .0477971    -5.97   0.000    -.3791851   -.1918239
       2012  |  -.2493032   .0492542    -5.06   0.000    -.3458397   -.1527668
       2013  |  -.3271129   .0504814    -6.48   0.000    -.4260546   -.2281712
       2014  |  -.3851236   .0516871    -7.45   0.000    -.4864285   -.2838186
       2015  |  -.3804429   .0558045    -6.82   0.000    -.4898177   -.2710682
       2016  |  -.3634137   .0607271    -5.98   0.000    -.4824366   -.2443908
             |
  nic_2digit |
          2  |  -.0192198   .3566175    -0.05   0.957    -.7181773    .6797377
          3  |   .5350208   .1248772     4.28   0.000      .290266    .7797755
          5  |  -.5240126   .5286667    -0.99   0.322     -1.56018    .5121551
          6  |   1.026736   .8364242     1.23   0.220     -.612625    2.666098
          7  |  -.2978868   .2465781    -1.21   0.227     -.781171    .1853973
          8  |   .6618421   .1517373     4.36   0.000     .3644425    .9592417
          9  |    .538526   .6193246     0.87   0.385    -.6753279     1.75238
         10  |  -.1610447   .1064967    -1.51   0.130    -.3697745     .047685
         11  |  -.1412164   .1388163    -1.02   0.309    -.4132913    .1308585
         12  |   .3402085   .2991833     1.14   0.255      -.24618    .9265969
         13  |   .3391987    .105021     3.23   0.001     .1333614     .545036
         14  |   .4577942   .1424151     3.21   0.001     .1786657    .7369227
         15  |   .8895654   .1631478     5.45   0.000     .5698016    1.209329
         16  |   .5721724   .2009238     2.85   0.004     .1783691    .9659758
         17  |   .8381949   .1188653     7.05   0.000     .6052231    1.071167
         18  |   .4517698    .231541     1.95   0.051    -.0020423    .9055818
         19  |   .5615311   .1805938     3.11   0.002     .2075737    .9154885
         20  |   .5751622   .1055191     5.45   0.000     .3683486    .7819757
         21  |   .5972776   .1127654     5.30   0.000     .3762615    .8182937
         22  |   .7544439   .1111873     6.79   0.000     .5365207     .972367
         23  |   .5189057   .1201209     4.32   0.000     .2834729    .7543384
         24  |   .2675321   .1044053     2.56   0.010     .0629015    .4721627
         25  |   .3927829   .1187485     3.31   0.001     .1600402    .6255257
         26  |   .8755628   .1238174     7.07   0.000     .6328851     1.11824
         27  |    .676062   .1163304     5.81   0.000     .4480586    .9040655
         28  |   .7647377   .1149575     6.65   0.000     .5394252    .9900502
         29  |   .6122552   .3522425     1.74   0.082    -.0781275    1.302638
         30  |   .5370691   .1145722     4.69   0.000     .3125118    .7616265
         31  |   .8990842   .3828932     2.35   0.019     .1486274    1.649541
         32  |   .5401062   .1401566     3.85   0.000     .2654044     .814808
         35  |  -.1102728   .1388665    -0.79   0.427    -.3824461    .1619006
         36  |          0  (empty)
         41  |  -.2999331   .1964161    -1.53   0.127    -.6849015    .0850353
         42  |  -.1528675   .1198196    -1.28   0.202    -.3877095    .0819746
             |
       _cons |  -3.616713   .1239991   -29.17   0.000    -3.859746   -3.373679
-------------+----------------------------------------------------------------
    /lnsig2u |  -.7501419   .0612547                     -.8701989    -.630085
-------------+----------------------------------------------------------------
     sigma_u |   .6872405   .0210483                      .6472003    .7297579
         rho |   .3207904   .0133464                      .2952129    .3474913
------------------------------------------------------------------------------
LR test of rho=0: chibar2(01) = 828.22                 Prob >= chibar2 = 0.000

. est store mimp2

. margins, dydx(lagexp lagimp lpresacf lgfa lsalary) predict(pu0) post

Average marginal effects                        Number of obs     =     62,485
Model VCE    : OIM

Expression   : Pr(imp=1 assuming u_i=0), predict(pu0)
dy/dx w.r.t. : lagexp lagimp lpresacf lgfa lsalary

------------------------------------------------------------------------------
             |            Delta-method
             |      dy/dx   Std. Err.      z    P>|z|     [95% Conf. Interval]
-------------+----------------------------------------------------------------
      lagexp |   .0495424   .0030328    16.34   0.000     .0435982    .0554866
      lagimp |   .2024144   .0037527    53.94   0.000     .1950591    .2097696
    lpresacf |   .0346695   .0016088    21.55   0.000     .0315164    .0378227
        lgfa |   .0143078   .0015366     9.31   0.000     .0112961    .0173194
     lsalary |   .0268743   .0015607    17.22   0.000     .0238155    .0299332
------------------------------------------------------------------------------

. est store mimp22

. 
. 
. esttab mexp1 mexp2 mimp1 mimp2 using "$path\dynprobitacf.tex", replace drop(*.nic_2digit *.year) stats(rho sigma_u ll) 
(output written to C:\Users\u823125\Downloads\expimp-prod-master\expimp-prod-master\STATA\dynprobitacf.tex)

. 
. esttab mexp11 mexp22 mimp11 mimp22 using "$path\dynprobitacfme.tex", replace
(output written to C:\Users\u823125\Downloads\expimp-prod-master\expimp-prod-master\STATA\dynprobitacfme.tex)

. 
end of do-file

